<?xml version="1.0" encoding="UTF-8"?>
<coverage generated="1672905089678" clover="3.2.0">
  <project timestamp="1672905089678" name="All files">
    <metrics statements="137" coveredstatements="49" conditionals="14" coveredconditionals="1" methods="24" coveredmethods="4" elements="175" coveredelements="54" complexity="0" loc="137" ncloc="137" packages="1" files="3" classes="3"/>
    <file name="CountMovies.js" path="C:\Users\DELL\Desktop\Module 2\Capston-javascript\src\modules\CountMovies.js">
      <metrics statements="2" coveredstatements="2" conditionals="0" coveredconditionals="0" methods="1" coveredmethods="1"/>
      <line num="1" count="6" type="stmt"/>
      <line num="3" count="1" type="stmt"/>
    </file>
    <file name="ListMovies.js" path="C:\Users\DELL\Desktop\Module 2\Capston-javascript\src\modules\ListMovies.js">
      <metrics statements="87" coveredstatements="46" conditionals="10" coveredconditionals="1" methods="15" coveredmethods="3"/>
      <line num="1" count="1" type="stmt"/>
      <line num="5" count="1" type="stmt"/>
      <line num="6" count="1" type="stmt"/>
      <line num="7" count="1" type="stmt"/>
      <line num="8" count="1" type="stmt"/>
      <line num="9" count="1" type="stmt"/>
      <line num="10" count="1" type="stmt"/>
      <line num="14" count="1" type="stmt"/>
      <line num="15" count="4" type="stmt"/>
      <line num="16" count="4" type="stmt"/>
      <line num="20" count="1" type="stmt"/>
      <line num="22" count="7" type="stmt"/>
      <line num="23" count="7" type="stmt"/>
      <line num="24" count="7" type="stmt"/>
      <line num="26" count="7" type="stmt"/>
      <line num="27" count="7" type="stmt"/>
      <line num="28" count="7" type="stmt"/>
      <line num="29" count="7" type="stmt"/>
      <line num="31" count="7" type="stmt"/>
      <line num="32" count="7" type="stmt"/>
      <line num="33" count="7" type="stmt"/>
      <line num="34" count="7" type="stmt"/>
      <line num="35" count="7" type="stmt"/>
      <line num="36" count="7" type="stmt"/>
      <line num="37" count="7" type="stmt"/>
      <line num="38" count="7" type="stmt"/>
      <line num="39" count="7" type="stmt"/>
      <line num="40" count="7" type="cond" truecount="1" falsecount="1"/>
      <line num="42" count="7" type="stmt"/>
      <line num="43" count="7" type="stmt"/>
      <line num="44" count="7" type="stmt"/>
      <line num="47" count="7" type="stmt"/>
      <line num="48" count="0" type="stmt"/>
      <line num="49" count="0" type="stmt"/>
      <line num="50" count="0" type="stmt"/>
      <line num="51" count="0" type="stmt"/>
      <line num="54" count="7" type="stmt"/>
      <line num="55" count="7" type="stmt"/>
      <line num="56" count="7" type="stmt"/>
      <line num="57" count="7" type="stmt"/>
      <line num="59" count="7" type="stmt"/>
      <line num="60" count="7" type="stmt"/>
      <line num="62" count="7" type="stmt"/>
      <line num="63" count="0" type="stmt"/>
      <line num="64" count="0" type="stmt"/>
      <line num="65" count="0" type="stmt"/>
      <line num="67" count="0" type="stmt"/>
      <line num="68" count="0" type="cond" truecount="0" falsecount="2"/>
      <line num="69" count="0" type="stmt"/>
      <line num="70" count="0" type="stmt"/>
      <line num="72" count="0" type="stmt"/>
      <line num="76" count="0" type="stmt"/>
      <line num="77" count="0" type="stmt"/>
      <line num="78" count="0" type="stmt"/>
      <line num="79" count="0" type="stmt"/>
      <line num="80" count="0" type="stmt"/>
      <line num="82" count="0" type="stmt"/>
      <line num="83" count="0" type="stmt"/>
      <line num="84" count="0" type="stmt"/>
      <line num="88" count="0" type="cond" truecount="0" falsecount="2"/>
      <line num="89" count="0" type="stmt"/>
      <line num="91" count="0" type="stmt"/>
      <line num="94" count="0" type="stmt"/>
      <line num="98" count="7" type="stmt"/>
      <line num="99" count="0" type="cond" truecount="0" falsecount="2"/>
      <line num="100" count="0" type="stmt"/>
      <line num="102" count="0" type="stmt"/>
      <line num="106" count="7" type="stmt"/>
      <line num="110" count="1" type="stmt"/>
      <line num="112" count="0" type="stmt"/>
      <line num="113" count="0" type="stmt"/>
      <line num="114" count="0" type="stmt"/>
      <line num="115" count="0" type="stmt"/>
      <line num="116" count="0" type="cond" truecount="0" falsecount="2"/>
      <line num="117" count="0" type="stmt"/>
      <line num="123" count="1" type="stmt"/>
      <line num="124" count="0" type="stmt"/>
      <line num="125" count="0" type="stmt"/>
      <line num="126" count="0" type="stmt"/>
      <line num="130" count="1" type="stmt"/>
      <line num="131" count="0" type="stmt"/>
      <line num="132" count="0" type="stmt"/>
      <line num="137" count="0" type="stmt"/>
      <line num="141" count="1" type="stmt"/>
      <line num="142" count="0" type="stmt"/>
      <line num="147" count="0" type="stmt"/>
      <line num="151" count="1" type="stmt"/>
    </file>
    <file name="PopupMovies.js" path="C:\Users\DELL\Desktop\Module 2\Capston-javascript\src\modules\PopupMovies.js">
      <metrics statements="48" coveredstatements="1" conditionals="4" coveredconditionals="0" methods="8" coveredmethods="0"/>
      <line num="3" count="0" type="stmt"/>
      <line num="4" count="0" type="stmt"/>
      <line num="5" count="0" type="stmt"/>
      <line num="8" count="0" type="stmt"/>
      <line num="9" count="0" type="stmt"/>
      <line num="10" count="0" type="stmt"/>
      <line num="11" count="0" type="stmt"/>
      <line num="12" count="0" type="cond" truecount="0" falsecount="4"/>
      <line num="13" count="0" type="stmt"/>
      <line num="15" count="0" type="stmt"/>
      <line num="17" count="0" type="stmt"/>
      <line num="21" count="0" type="stmt"/>
      <line num="22" count="0" type="stmt"/>
      <line num="23" count="0" type="stmt"/>
      <line num="24" count="0" type="stmt"/>
      <line num="25" count="0" type="stmt"/>
      <line num="26" count="0" type="stmt"/>
      <line num="61" count="0" type="stmt"/>
      <line num="62" count="0" type="stmt"/>
      <line num="66" count="0" type="stmt"/>
      <line num="67" count="0" type="stmt"/>
      <line num="68" count="0" type="stmt"/>
      <line num="69" count="0" type="stmt"/>
      <line num="70" count="0" type="stmt"/>
      <line num="71" count="0" type="stmt"/>
      <line num="72" count="0" type="stmt"/>
      <line num="73" count="0" type="stmt"/>
      <line num="74" count="0" type="stmt"/>
      <line num="77" count="0" type="stmt"/>
      <line num="78" count="0" type="stmt"/>
      <line num="79" count="0" type="stmt"/>
      <line num="80" count="0" type="stmt"/>
      <line num="81" count="0" type="stmt"/>
      <line num="86" count="0" type="stmt"/>
      <line num="87" count="0" type="stmt"/>
      <line num="88" count="0" type="stmt"/>
      <line num="89" count="0" type="stmt"/>
      <line num="100" count="0" type="stmt"/>
      <line num="103" count="0" type="stmt"/>
      <line num="104" count="0" type="stmt"/>
      <line num="105" count="0" type="stmt"/>
      <line num="106" count="0" type="stmt"/>
      <line num="107" count="0" type="stmt"/>
      <line num="108" count="0" type="stmt"/>
      <line num="109" count="0" type="stmt"/>
      <line num="110" count="0" type="stmt"/>
      <line num="111" count="0" type="stmt"/>
      <line num="120" count="1" type="stmt"/>
    </file>
  </project>
</coverage>
