{"C:\\Users\\DELL\\Desktop\\Module 2\\Capston-javascript\\src\\modules\\CountMovies.js": {"path":"C:\\Users\\DELL\\Desktop\\Module 2\\Capston-javascript\\src\\modules\\CountMovies.js","statementMap":{"0":{"start":{"line":1,"column":20},"end":{"line":1,"column":68}},"1":{"start":{"line":1,"column":26},"end":{"line":1,"column":68}},"2":{"start":{"line":3,"column":0},"end":{"line":3,"column":29}}},"fnMap":{"0":{"name":"(anonymous_0)","decl":{"start":{"line":1,"column":20},"end":{"line":1,"column":21}},"loc":{"start":{"line":1,"column":26},"end":{"line":1,"column":68}},"line":1}},"branchMap":{},"s":{"0":1,"1":6,"2":1},"f":{"0":6},"b":{},"_coverageSchema":"1a1c01bbd47fc00a2c39e90264f33305004495a9","hash":"94932cea7762add54fb96ae4a56b428f4b2cba0b"}
,"C:\\Users\\DELL\\Desktop\\Module 2\\Capston-javascript\\src\\modules\\ListMovies.js": {"path":"C:\\Users\\DELL\\Desktop\\Module 2\\Capston-javascript\\src\\modules\\ListMovies.js","statementMap":{"0":{"start":{"line":1,"column":20},"end":{"line":1,"column":47}},"1":{"start":{"line":5,"column":4},"end":{"line":5,"column":19}},"2":{"start":{"line":6,"column":4},"end":{"line":6,"column":30}},"3":{"start":{"line":7,"column":4},"end":{"line":7,"column":25}},"4":{"start":{"line":8,"column":4},"end":{"line":8,"column":49}},"5":{"start":{"line":9,"column":4},"end":{"line":9,"column":98}},"6":{"start":{"line":10,"column":4},"end":{"line":10,"column":40}},"7":{"start":{"line":14,"column":13},"end":{"line":17,"column":3}},"8":{"start":{"line":15,"column":4},"end":{"line":15,"column":26}},"9":{"start":{"line":16,"column":4},"end":{"line":16,"column":24}},"10":{"start":{"line":20,"column":12},"end":{"line":107,"column":3}},"11":{"start":{"line":22,"column":21},"end":{"line":22,"column":49}},"12":{"start":{"line":23,"column":4},"end":{"line":23,"column":51}},"13":{"start":{"line":24,"column":4},"end":{"line":24,"column":38}},"14":{"start":{"line":26,"column":20},"end":{"line":26,"column":49}},"15":{"start":{"line":27,"column":16},"end":{"line":27,"column":45}},"16":{"start":{"line":28,"column":4},"end":{"line":28,"column":33}},"17":{"start":{"line":29,"column":4},"end":{"line":29,"column":43}},"18":{"start":{"line":31,"column":20},"end":{"line":31,"column":49}},"19":{"start":{"line":32,"column":4},"end":{"line":32,"column":58}},"20":{"start":{"line":33,"column":15},"end":{"line":33,"column":43}},"21":{"start":{"line":34,"column":4},"end":{"line":34,"column":32}},"22":{"start":{"line":35,"column":21},"end":{"line":35,"column":50}},"23":{"start":{"line":36,"column":4},"end":{"line":36,"column":51}},"24":{"start":{"line":37,"column":21},"end":{"line":37,"column":48}},"25":{"start":{"line":38,"column":4},"end":{"line":38,"column":53}},"26":{"start":{"line":39,"column":18},"end":{"line":39,"column":45}},"27":{"start":{"line":40,"column":4},"end":{"line":40,"column":72}},"28":{"start":{"line":40,"column":41},"end":{"line":40,"column":70}},"29":{"start":{"line":42,"column":27},"end":{"line":42,"column":59}},"30":{"start":{"line":43,"column":4},"end":{"line":43,"column":53}},"31":{"start":{"line":44,"column":4},"end":{"line":44,"column":44}},"32":{"start":{"line":47,"column":4},"end":{"line":52,"column":7}},"33":{"start":{"line":48,"column":20},"end":{"line":48,"column":37}},"34":{"start":{"line":49,"column":6},"end":{"line":49,"column":29}},"35":{"start":{"line":50,"column":6},"end":{"line":50,"column":32}},"36":{"start":{"line":51,"column":6},"end":{"line":51,"column":25}},"37":{"start":{"line":54,"column":4},"end":{"line":54,"column":37}},"38":{"start":{"line":55,"column":4},"end":{"line":55,"column":33}},"39":{"start":{"line":56,"column":4},"end":{"line":56,"column":33}},"40":{"start":{"line":57,"column":4},"end":{"line":57,"column":45}},"41":{"start":{"line":59,"column":25},"end":{"line":59,"column":63}},"42":{"start":{"line":60,"column":4},"end":{"line":60,"column":34}},"43":{"start":{"line":62,"column":4},"end":{"line":95,"column":7}},"44":{"start":{"line":63,"column":21},"end":{"line":63,"column":29}},"45":{"start":{"line":64,"column":18},"end":{"line":64,"column":19}},"46":{"start":{"line":65,"column":22},"end":{"line":65,"column":24}},"47":{"start":{"line":67,"column":6},"end":{"line":73,"column":9}},"48":{"start":{"line":68,"column":8},"end":{"line":71,"column":9}},"49":{"start":{"line":69,"column":10},"end":{"line":69,"column":29}},"50":{"start":{"line":70,"column":10},"end":{"line":70,"column":28}},"51":{"start":{"line":72,"column":8},"end":{"line":72,"column":20}},"52":{"start":{"line":76,"column":6},"end":{"line":76,"column":17}},"53":{"start":{"line":77,"column":20},"end":{"line":77,"column":39}},"54":{"start":{"line":78,"column":6},"end":{"line":78,"column":55}},"55":{"start":{"line":79,"column":6},"end":{"line":79,"column":50}},"56":{"start":{"line":80,"column":6},"end":{"line":80,"column":54}},"57":{"start":{"line":82,"column":6},"end":{"line":85,"column":14}},"58":{"start":{"line":83,"column":8},"end":{"line":83,"column":55}},"59":{"start":{"line":84,"column":8},"end":{"line":84,"column":54}},"60":{"start":{"line":88,"column":6},"end":{"line":92,"column":7}},"61":{"start":{"line":89,"column":8},"end":{"line":89,"column":58}},"62":{"start":{"line":91,"column":8},"end":{"line":91,"column":54}},"63":{"start":{"line":94,"column":6},"end":{"line":94,"column":31}},"64":{"start":{"line":98,"column":4},"end":{"line":103,"column":7}},"65":{"start":{"line":99,"column":6},"end":{"line":101,"column":7}},"66":{"start":{"line":100,"column":8},"end":{"line":100,"column":49}},"67":{"start":{"line":102,"column":6},"end":{"line":102,"column":18}},"68":{"start":{"line":106,"column":4},"end":{"line":106,"column":101}},"69":{"start":{"line":110,"column":18},"end":{"line":121,"column":3}},"70":{"start":{"line":112,"column":17},"end":{"line":112,"column":71}},"71":{"start":{"line":113,"column":4},"end":{"line":120,"column":7}},"72":{"start":{"line":114,"column":6},"end":{"line":114,"column":23}},"73":{"start":{"line":115,"column":6},"end":{"line":119,"column":9}},"74":{"start":{"line":116,"column":8},"end":{"line":118,"column":9}},"75":{"start":{"line":117,"column":10},"end":{"line":117,"column":31}},"76":{"start":{"line":123,"column":17},"end":{"line":128,"column":3}},"77":{"start":{"line":124,"column":17},"end":{"line":124,"column":83}},"78":{"start":{"line":125,"column":4},"end":{"line":127,"column":7}},"79":{"start":{"line":126,"column":6},"end":{"line":126,"column":45}},"80":{"start":{"line":130,"column":13},"end":{"line":138,"column":3}},"81":{"start":{"line":131,"column":18},"end":{"line":131,"column":46}},"82":{"start":{"line":132,"column":19},"end":{"line":136,"column":6}},"83":{"start":{"line":137,"column":4},"end":{"line":137,"column":21}},"84":{"start":{"line":141,"column":14},"end":{"line":148,"column":3}},"85":{"start":{"line":142,"column":17},"end":{"line":146,"column":8}},"86":{"start":{"line":147,"column":4},"end":{"line":147,"column":16}},"87":{"start":{"line":151,"column":0},"end":{"line":151,"column":28}}},"fnMap":{"0":{"name":"(anonymous_0)","decl":{"start":{"line":4,"column":2},"end":{"line":4,"column":3}},"loc":{"start":{"line":4,"column":16},"end":{"line":11,"column":3}},"line":4},"1":{"name":"(anonymous_1)","decl":{"start":{"line":14,"column":13},"end":{"line":14,"column":14}},"loc":{"start":{"line":14,"column":24},"end":{"line":17,"column":3}},"line":14},"2":{"name":"(anonymous_2)","decl":{"start":{"line":20,"column":12},"end":{"line":20,"column":13}},"loc":{"start":{"line":20,"column":23},"end":{"line":107,"column":3}},"line":20},"3":{"name":"(anonymous_3)","decl":{"start":{"line":47,"column":45},"end":{"line":47,"column":46}},"loc":{"start":{"line":47,"column":51},"end":{"line":52,"column":5}},"line":47},"4":{"name":"(anonymous_4)","decl":{"start":{"line":62,"column":39},"end":{"line":62,"column":40}},"loc":{"start":{"line":62,"column":50},"end":{"line":95,"column":5}},"line":62},"5":{"name":"(anonymous_5)","decl":{"start":{"line":67,"column":34},"end":{"line":67,"column":35}},"loc":{"start":{"line":67,"column":51},"end":{"line":73,"column":7}},"line":67},"6":{"name":"(anonymous_6)","decl":{"start":{"line":82,"column":17},"end":{"line":82,"column":18}},"loc":{"start":{"line":82,"column":23},"end":{"line":85,"column":7}},"line":82},"7":{"name":"(anonymous_7)","decl":{"start":{"line":98,"column":32},"end":{"line":98,"column":33}},"loc":{"start":{"line":98,"column":42},"end":{"line":103,"column":5}},"line":98},"8":{"name":"(anonymous_8)","decl":{"start":{"line":110,"column":18},"end":{"line":110,"column":19}},"loc":{"start":{"line":110,"column":30},"end":{"line":121,"column":3}},"line":110},"9":{"name":"(anonymous_9)","decl":{"start":{"line":113,"column":27},"end":{"line":113,"column":28}},"loc":{"start":{"line":113,"column":37},"end":{"line":120,"column":5}},"line":113},"10":{"name":"(anonymous_10)","decl":{"start":{"line":115,"column":24},"end":{"line":115,"column":25}},"loc":{"start":{"line":115,"column":35},"end":{"line":119,"column":7}},"line":115},"11":{"name":"(anonymous_11)","decl":{"start":{"line":123,"column":17},"end":{"line":123,"column":18}},"loc":{"start":{"line":123,"column":29},"end":{"line":128,"column":3}},"line":123},"12":{"name":"(anonymous_12)","decl":{"start":{"line":125,"column":27},"end":{"line":125,"column":28}},"loc":{"start":{"line":125,"column":48},"end":{"line":127,"column":5}},"line":125},"13":{"name":"(anonymous_13)","decl":{"start":{"line":130,"column":13},"end":{"line":130,"column":14}},"loc":{"start":{"line":130,"column":33},"end":{"line":138,"column":3}},"line":130},"14":{"name":"(anonymous_14)","decl":{"start":{"line":141,"column":14},"end":{"line":141,"column":15}},"loc":{"start":{"line":141,"column":26},"end":{"line":148,"column":3}},"line":141}},"branchMap":{"0":{"loc":{"start":{"line":40,"column":4},"end":{"line":40,"column":72}},"type":"if","locations":[{"start":{"line":40,"column":4},"end":{"line":40,"column":72}},{"start":{},"end":{}}],"line":40},"1":{"loc":{"start":{"line":68,"column":8},"end":{"line":71,"column":9}},"type":"if","locations":[{"start":{"line":68,"column":8},"end":{"line":71,"column":9}},{"start":{},"end":{}}],"line":68},"2":{"loc":{"start":{"line":88,"column":6},"end":{"line":92,"column":7}},"type":"if","locations":[{"start":{"line":88,"column":6},"end":{"line":92,"column":7}},{"start":{"line":90,"column":13},"end":{"line":92,"column":7}}],"line":88},"3":{"loc":{"start":{"line":99,"column":6},"end":{"line":101,"column":7}},"type":"if","locations":[{"start":{"line":99,"column":6},"end":{"line":101,"column":7}},{"start":{},"end":{}}],"line":99},"4":{"loc":{"start":{"line":116,"column":8},"end":{"line":118,"column":9}},"type":"if","locations":[{"start":{"line":116,"column":8},"end":{"line":118,"column":9}},{"start":{},"end":{}}],"line":116}},"s":{"0":1,"1":1,"2":1,"3":1,"4":1,"5":1,"6":1,"7":1,"8":4,"9":4,"10":1,"11":7,"12":7,"13":7,"14":7,"15":7,"16":7,"17":7,"18":7,"19":7,"20":7,"21":7,"22":7,"23":7,"24":7,"25":7,"26":7,"27":7,"28":0,"29":7,"30":7,"31":7,"32":7,"33":0,"34":0,"35":0,"36":0,"37":7,"38":7,"39":7,"40":7,"41":7,"42":7,"43":7,"44":0,"45":0,"46":0,"47":0,"48":0,"49":0,"50":0,"51":0,"52":0,"53":0,"54":0,"55":0,"56":0,"57":0,"58":0,"59":0,"60":0,"61":0,"62":0,"63":0,"64":7,"65":0,"66":0,"67":0,"68":7,"69":1,"70":0,"71":0,"72":0,"73":0,"74":0,"75":0,"76":1,"77":0,"78":0,"79":0,"80":1,"81":0,"82":0,"83":0,"84":1,"85":0,"86":0,"87":1},"f":{"0":1,"1":4,"2":7,"3":0,"4":0,"5":0,"6":0,"7":0,"8":0,"9":0,"10":0,"11":0,"12":0,"13":0,"14":0},"b":{"0":[0,7],"1":[0,0],"2":[0,0],"3":[0,0],"4":[0,0]},"_coverageSchema":"1a1c01bbd47fc00a2c39e90264f33305004495a9","hash":"d42428546491202daccd7f8dc1b89b9b4a3b6eb6"}
,"C:\\Users\\DELL\\Desktop\\Module 2\\Capston-javascript\\src\\modules\\PopupMovies.js": {"path":"C:\\Users\\DELL\\Desktop\\Module 2\\Capston-javascript\\src\\modules\\PopupMovies.js","statementMap":{"0":{"start":{"line":3,"column":4},"end":{"line":3,"column":37}},"1":{"start":{"line":4,"column":4},"end":{"line":4,"column":25}},"2":{"start":{"line":5,"column":4},"end":{"line":5,"column":119}},"3":{"start":{"line":8,"column":17},"end":{"line":19,"column":5}},"4":{"start":{"line":9,"column":6},"end":{"line":18,"column":7}},"5":{"start":{"line":10,"column":26},"end":{"line":10,"column":174}},"6":{"start":{"line":11,"column":25},"end":{"line":11,"column":47}},"7":{"start":{"line":12,"column":8},"end":{"line":14,"column":9}},"8":{"start":{"line":13,"column":10},"end":{"line":13,"column":20}},"9":{"start":{"line":15,"column":8},"end":{"line":15,"column":24}},"10":{"start":{"line":17,"column":8},"end":{"line":17,"column":18}},"11":{"start":{"line":21,"column":16},"end":{"line":84,"column":5}},"12":{"start":{"line":22,"column":6},"end":{"line":22,"column":38}},"13":{"start":{"line":23,"column":27},"end":{"line":23,"column":59}},"14":{"start":{"line":24,"column":19},"end":{"line":24,"column":49}},"15":{"start":{"line":25,"column":6},"end":{"line":25,"column":43}},"16":{"start":{"line":26,"column":27},"end":{"line":60,"column":21}},"17":{"start":{"line":61,"column":6},"end":{"line":61,"column":36}},"18":{"start":{"line":62,"column":6},"end":{"line":62,"column":44}},"19":{"start":{"line":66,"column":21},"end":{"line":66,"column":59}},"20":{"start":{"line":67,"column":6},"end":{"line":75,"column":9}},"21":{"start":{"line":68,"column":8},"end":{"line":68,"column":31}},"22":{"start":{"line":69,"column":25},"end":{"line":69,"column":56}},"23":{"start":{"line":70,"column":24},"end":{"line":70,"column":58}},"24":{"start":{"line":71,"column":8},"end":{"line":71,"column":41}},"25":{"start":{"line":72,"column":8},"end":{"line":72,"column":33}},"26":{"start":{"line":73,"column":8},"end":{"line":73,"column":28}},"27":{"start":{"line":74,"column":8},"end":{"line":74,"column":27}},"28":{"start":{"line":77,"column":25},"end":{"line":77,"column":65}},"29":{"start":{"line":78,"column":6},"end":{"line":83,"column":7}},"30":{"start":{"line":78,"column":19},"end":{"line":78,"column":20}},"31":{"start":{"line":79,"column":8},"end":{"line":82,"column":11}},"32":{"start":{"line":80,"column":10},"end":{"line":80,"column":46}},"33":{"start":{"line":81,"column":10},"end":{"line":81,"column":43}},"34":{"start":{"line":86,"column":18},"end":{"line":101,"column":5}},"35":{"start":{"line":87,"column":23},"end":{"line":87,"column":54}},"36":{"start":{"line":88,"column":22},"end":{"line":88,"column":56}},"37":{"start":{"line":89,"column":23},"end":{"line":99,"column":8}},"38":{"start":{"line":100,"column":6},"end":{"line":100,"column":25}},"39":{"start":{"line":103,"column":24},"end":{"line":117,"column":5}},"40":{"start":{"line":104,"column":27},"end":{"line":104,"column":50}},"41":{"start":{"line":105,"column":22},"end":{"line":105,"column":62}},"42":{"start":{"line":106,"column":20},"end":{"line":106,"column":52}},"43":{"start":{"line":107,"column":23},"end":{"line":107,"column":42}},"44":{"start":{"line":108,"column":6},"end":{"line":108,"column":33}},"45":{"start":{"line":109,"column":6},"end":{"line":109,"column":29}},"46":{"start":{"line":110,"column":6},"end":{"line":116,"column":9}},"47":{"start":{"line":111,"column":8},"end":{"line":115,"column":10}},"48":{"start":{"line":120,"column":0},"end":{"line":120,"column":29}}},"fnMap":{"0":{"name":"(anonymous_0)","decl":{"start":{"line":2,"column":2},"end":{"line":2,"column":3}},"loc":{"start":{"line":2,"column":16},"end":{"line":6,"column":3}},"line":2},"1":{"name":"(anonymous_1)","decl":{"start":{"line":8,"column":17},"end":{"line":8,"column":18}},"loc":{"start":{"line":8,"column":29},"end":{"line":19,"column":5}},"line":8},"2":{"name":"(anonymous_2)","decl":{"start":{"line":21,"column":16},"end":{"line":21,"column":17}},"loc":{"start":{"line":21,"column":33},"end":{"line":84,"column":5}},"line":21},"3":{"name":"(anonymous_3)","decl":{"start":{"line":67,"column":39},"end":{"line":67,"column":40}},"loc":{"start":{"line":67,"column":56},"end":{"line":75,"column":7}},"line":67},"4":{"name":"(anonymous_4)","decl":{"start":{"line":79,"column":48},"end":{"line":79,"column":49}},"loc":{"start":{"line":79,"column":54},"end":{"line":82,"column":9}},"line":79},"5":{"name":"(anonymous_5)","decl":{"start":{"line":86,"column":18},"end":{"line":86,"column":19}},"loc":{"start":{"line":86,"column":32},"end":{"line":101,"column":5}},"line":86},"6":{"name":"(anonymous_6)","decl":{"start":{"line":103,"column":24},"end":{"line":103,"column":25}},"loc":{"start":{"line":103,"column":36},"end":{"line":117,"column":5}},"line":103},"7":{"name":"(anonymous_7)","decl":{"start":{"line":110,"column":27},"end":{"line":110,"column":28}},"loc":{"start":{"line":110,"column":40},"end":{"line":116,"column":7}},"line":110}},"branchMap":{"0":{"loc":{"start":{"line":12,"column":8},"end":{"line":14,"column":9}},"type":"if","locations":[{"start":{"line":12,"column":8},"end":{"line":14,"column":9}},{"start":{},"end":{}}],"line":12},"1":{"loc":{"start":{"line":12,"column":12},"end":{"line":12,"column":66}},"type":"binary-expr","locations":[{"start":{"line":12,"column":12},"end":{"line":12,"column":40}},{"start":{"line":12,"column":44},"end":{"line":12,"column":66}}],"line":12}},"s":{"0":0,"1":0,"2":0,"3":0,"4":0,"5":0,"6":0,"7":0,"8":0,"9":0,"10":0,"11":0,"12":0,"13":0,"14":0,"15":0,"16":0,"17":0,"18":0,"19":0,"20":0,"21":0,"22":0,"23":0,"24":0,"25":0,"26":0,"27":0,"28":0,"29":0,"30":0,"31":0,"32":0,"33":0,"34":0,"35":0,"36":0,"37":0,"38":0,"39":0,"40":0,"41":0,"42":0,"43":0,"44":0,"45":0,"46":0,"47":0,"48":1},"f":{"0":0,"1":0,"2":0,"3":0,"4":0,"5":0,"6":0,"7":0},"b":{"0":[0,0],"1":[0,0]},"_coverageSchema":"1a1c01bbd47fc00a2c39e90264f33305004495a9","hash":"1f2b8e73bafd2089ba0e954c812d34b18fb187bf"}
}
