{"C:\\Users\\riad\\Documents\\Programmation\\Microverse\\Module 2\\Capston-javascript\\src\\modules\\CountMovies.js": {"path":"C:\\Users\\riad\\Documents\\Programmation\\Microverse\\Module 2\\Capston-javascript\\src\\modules\\CountMovies.js","statementMap":{"0":{"start":{"line":1,"column":20},"end":{"line":1,"column":68}},"1":{"start":{"line":1,"column":26},"end":{"line":1,"column":68}},"2":{"start":{"line":3,"column":0},"end":{"line":3,"column":29}}},"fnMap":{"0":{"name":"(anonymous_0)","decl":{"start":{"line":1,"column":20},"end":{"line":1,"column":21}},"loc":{"start":{"line":1,"column":26},"end":{"line":1,"column":68}},"line":1}},"branchMap":{},"s":{"0":1,"1":6,"2":1},"f":{"0":6},"b":{},"_coverageSchema":"1a1c01bbd47fc00a2c39e90264f33305004495a9","hash":"ab960583e215c828309239d41da41ff076f7378f"}
,"C:\\Users\\riad\\Documents\\Programmation\\Microverse\\Module 2\\Capston-javascript\\src\\modules\\ListMovies.js": {"path":"C:\\Users\\riad\\Documents\\Programmation\\Microverse\\Module 2\\Capston-javascript\\src\\modules\\ListMovies.js","statementMap":{"0":{"start":{"line":2,"column":18},"end":{"line":2,"column":39}},"1":{"start":{"line":6,"column":4},"end":{"line":6,"column":19}},"2":{"start":{"line":7,"column":4},"end":{"line":7,"column":30}},"3":{"start":{"line":8,"column":4},"end":{"line":8,"column":25}},"4":{"start":{"line":9,"column":4},"end":{"line":9,"column":49}},"5":{"start":{"line":10,"column":4},"end":{"line":10,"column":98}},"6":{"start":{"line":11,"column":4},"end":{"line":11,"column":40}},"7":{"start":{"line":15,"column":13},"end":{"line":18,"column":3}},"8":{"start":{"line":16,"column":4},"end":{"line":16,"column":26}},"9":{"start":{"line":17,"column":4},"end":{"line":17,"column":24}},"10":{"start":{"line":21,"column":12},"end":{"line":105,"column":3}},"11":{"start":{"line":23,"column":21},"end":{"line":23,"column":49}},"12":{"start":{"line":24,"column":4},"end":{"line":24,"column":51}},"13":{"start":{"line":25,"column":4},"end":{"line":25,"column":38}},"14":{"start":{"line":27,"column":20},"end":{"line":27,"column":49}},"15":{"start":{"line":28,"column":16},"end":{"line":28,"column":45}},"16":{"start":{"line":29,"column":4},"end":{"line":29,"column":33}},"17":{"start":{"line":30,"column":4},"end":{"line":30,"column":43}},"18":{"start":{"line":32,"column":20},"end":{"line":32,"column":49}},"19":{"start":{"line":33,"column":4},"end":{"line":33,"column":58}},"20":{"start":{"line":34,"column":15},"end":{"line":34,"column":43}},"21":{"start":{"line":35,"column":4},"end":{"line":35,"column":32}},"22":{"start":{"line":36,"column":21},"end":{"line":36,"column":50}},"23":{"start":{"line":37,"column":4},"end":{"line":37,"column":51}},"24":{"start":{"line":38,"column":21},"end":{"line":38,"column":48}},"25":{"start":{"line":39,"column":4},"end":{"line":39,"column":53}},"26":{"start":{"line":40,"column":18},"end":{"line":40,"column":45}},"27":{"start":{"line":41,"column":4},"end":{"line":41,"column":72}},"28":{"start":{"line":41,"column":41},"end":{"line":41,"column":70}},"29":{"start":{"line":43,"column":27},"end":{"line":43,"column":59}},"30":{"start":{"line":44,"column":4},"end":{"line":44,"column":53}},"31":{"start":{"line":45,"column":4},"end":{"line":45,"column":44}},"32":{"start":{"line":48,"column":4},"end":{"line":50,"column":7}},"33":{"start":{"line":49,"column":6},"end":{"line":49,"column":23}},"34":{"start":{"line":52,"column":4},"end":{"line":52,"column":37}},"35":{"start":{"line":53,"column":4},"end":{"line":53,"column":33}},"36":{"start":{"line":54,"column":4},"end":{"line":54,"column":33}},"37":{"start":{"line":55,"column":4},"end":{"line":55,"column":45}},"38":{"start":{"line":57,"column":25},"end":{"line":57,"column":63}},"39":{"start":{"line":58,"column":4},"end":{"line":58,"column":34}},"40":{"start":{"line":60,"column":4},"end":{"line":93,"column":7}},"41":{"start":{"line":61,"column":21},"end":{"line":61,"column":29}},"42":{"start":{"line":62,"column":18},"end":{"line":62,"column":19}},"43":{"start":{"line":63,"column":22},"end":{"line":63,"column":24}},"44":{"start":{"line":65,"column":6},"end":{"line":71,"column":9}},"45":{"start":{"line":66,"column":8},"end":{"line":69,"column":9}},"46":{"start":{"line":67,"column":10},"end":{"line":67,"column":29}},"47":{"start":{"line":68,"column":10},"end":{"line":68,"column":28}},"48":{"start":{"line":70,"column":8},"end":{"line":70,"column":20}},"49":{"start":{"line":74,"column":6},"end":{"line":74,"column":17}},"50":{"start":{"line":75,"column":20},"end":{"line":75,"column":39}},"51":{"start":{"line":76,"column":6},"end":{"line":76,"column":55}},"52":{"start":{"line":77,"column":6},"end":{"line":77,"column":50}},"53":{"start":{"line":78,"column":6},"end":{"line":78,"column":54}},"54":{"start":{"line":80,"column":6},"end":{"line":83,"column":14}},"55":{"start":{"line":81,"column":8},"end":{"line":81,"column":55}},"56":{"start":{"line":82,"column":8},"end":{"line":82,"column":54}},"57":{"start":{"line":86,"column":6},"end":{"line":90,"column":7}},"58":{"start":{"line":87,"column":8},"end":{"line":87,"column":58}},"59":{"start":{"line":89,"column":8},"end":{"line":89,"column":54}},"60":{"start":{"line":92,"column":6},"end":{"line":92,"column":31}},"61":{"start":{"line":96,"column":4},"end":{"line":101,"column":7}},"62":{"start":{"line":97,"column":6},"end":{"line":99,"column":7}},"63":{"start":{"line":98,"column":8},"end":{"line":98,"column":49}},"64":{"start":{"line":100,"column":6},"end":{"line":100,"column":18}},"65":{"start":{"line":104,"column":4},"end":{"line":104,"column":101}},"66":{"start":{"line":108,"column":18},"end":{"line":119,"column":3}},"67":{"start":{"line":110,"column":17},"end":{"line":110,"column":71}},"68":{"start":{"line":111,"column":4},"end":{"line":118,"column":7}},"69":{"start":{"line":112,"column":6},"end":{"line":112,"column":23}},"70":{"start":{"line":113,"column":6},"end":{"line":117,"column":9}},"71":{"start":{"line":114,"column":8},"end":{"line":116,"column":9}},"72":{"start":{"line":115,"column":10},"end":{"line":115,"column":31}},"73":{"start":{"line":121,"column":17},"end":{"line":126,"column":3}},"74":{"start":{"line":122,"column":17},"end":{"line":122,"column":83}},"75":{"start":{"line":123,"column":4},"end":{"line":125,"column":7}},"76":{"start":{"line":124,"column":6},"end":{"line":124,"column":45}},"77":{"start":{"line":128,"column":13},"end":{"line":136,"column":3}},"78":{"start":{"line":129,"column":18},"end":{"line":129,"column":46}},"79":{"start":{"line":130,"column":19},"end":{"line":134,"column":6}},"80":{"start":{"line":135,"column":4},"end":{"line":135,"column":21}},"81":{"start":{"line":139,"column":14},"end":{"line":146,"column":3}},"82":{"start":{"line":140,"column":17},"end":{"line":144,"column":8}},"83":{"start":{"line":145,"column":4},"end":{"line":145,"column":16}},"84":{"start":{"line":149,"column":0},"end":{"line":149,"column":28}}},"fnMap":{"0":{"name":"(anonymous_0)","decl":{"start":{"line":5,"column":2},"end":{"line":5,"column":3}},"loc":{"start":{"line":5,"column":16},"end":{"line":12,"column":3}},"line":5},"1":{"name":"(anonymous_1)","decl":{"start":{"line":15,"column":13},"end":{"line":15,"column":14}},"loc":{"start":{"line":15,"column":24},"end":{"line":18,"column":3}},"line":15},"2":{"name":"(anonymous_2)","decl":{"start":{"line":21,"column":12},"end":{"line":21,"column":13}},"loc":{"start":{"line":21,"column":23},"end":{"line":105,"column":3}},"line":21},"3":{"name":"(anonymous_3)","decl":{"start":{"line":48,"column":45},"end":{"line":48,"column":46}},"loc":{"start":{"line":48,"column":51},"end":{"line":50,"column":5}},"line":48},"4":{"name":"(anonymous_4)","decl":{"start":{"line":60,"column":39},"end":{"line":60,"column":40}},"loc":{"start":{"line":60,"column":50},"end":{"line":93,"column":5}},"line":60},"5":{"name":"(anonymous_5)","decl":{"start":{"line":65,"column":34},"end":{"line":65,"column":35}},"loc":{"start":{"line":65,"column":51},"end":{"line":71,"column":7}},"line":65},"6":{"name":"(anonymous_6)","decl":{"start":{"line":80,"column":17},"end":{"line":80,"column":18}},"loc":{"start":{"line":80,"column":23},"end":{"line":83,"column":7}},"line":80},"7":{"name":"(anonymous_7)","decl":{"start":{"line":96,"column":32},"end":{"line":96,"column":33}},"loc":{"start":{"line":96,"column":42},"end":{"line":101,"column":5}},"line":96},"8":{"name":"(anonymous_8)","decl":{"start":{"line":108,"column":18},"end":{"line":108,"column":19}},"loc":{"start":{"line":108,"column":30},"end":{"line":119,"column":3}},"line":108},"9":{"name":"(anonymous_9)","decl":{"start":{"line":111,"column":27},"end":{"line":111,"column":28}},"loc":{"start":{"line":111,"column":37},"end":{"line":118,"column":5}},"line":111},"10":{"name":"(anonymous_10)","decl":{"start":{"line":113,"column":24},"end":{"line":113,"column":25}},"loc":{"start":{"line":113,"column":35},"end":{"line":117,"column":7}},"line":113},"11":{"name":"(anonymous_11)","decl":{"start":{"line":121,"column":17},"end":{"line":121,"column":18}},"loc":{"start":{"line":121,"column":29},"end":{"line":126,"column":3}},"line":121},"12":{"name":"(anonymous_12)","decl":{"start":{"line":123,"column":27},"end":{"line":123,"column":28}},"loc":{"start":{"line":123,"column":48},"end":{"line":125,"column":5}},"line":123},"13":{"name":"(anonymous_13)","decl":{"start":{"line":128,"column":13},"end":{"line":128,"column":14}},"loc":{"start":{"line":128,"column":33},"end":{"line":136,"column":3}},"line":128},"14":{"name":"(anonymous_14)","decl":{"start":{"line":139,"column":14},"end":{"line":139,"column":15}},"loc":{"start":{"line":139,"column":26},"end":{"line":146,"column":3}},"line":139}},"branchMap":{"0":{"loc":{"start":{"line":41,"column":4},"end":{"line":41,"column":72}},"type":"if","locations":[{"start":{"line":41,"column":4},"end":{"line":41,"column":72}},{"start":{},"end":{}}],"line":41},"1":{"loc":{"start":{"line":66,"column":8},"end":{"line":69,"column":9}},"type":"if","locations":[{"start":{"line":66,"column":8},"end":{"line":69,"column":9}},{"start":{},"end":{}}],"line":66},"2":{"loc":{"start":{"line":86,"column":6},"end":{"line":90,"column":7}},"type":"if","locations":[{"start":{"line":86,"column":6},"end":{"line":90,"column":7}},{"start":{"line":88,"column":13},"end":{"line":90,"column":7}}],"line":86},"3":{"loc":{"start":{"line":97,"column":6},"end":{"line":99,"column":7}},"type":"if","locations":[{"start":{"line":97,"column":6},"end":{"line":99,"column":7}},{"start":{},"end":{}}],"line":97},"4":{"loc":{"start":{"line":114,"column":8},"end":{"line":116,"column":9}},"type":"if","locations":[{"start":{"line":114,"column":8},"end":{"line":116,"column":9}},{"start":{},"end":{}}],"line":114}},"s":{"0":1,"1":1,"2":1,"3":1,"4":1,"5":1,"6":1,"7":1,"8":4,"9":4,"10":1,"11":7,"12":7,"13":7,"14":7,"15":7,"16":7,"17":7,"18":7,"19":7,"20":7,"21":7,"22":7,"23":7,"24":7,"25":7,"26":7,"27":7,"28":0,"29":7,"30":7,"31":7,"32":7,"33":0,"34":7,"35":7,"36":7,"37":7,"38":7,"39":7,"40":7,"41":0,"42":0,"43":0,"44":0,"45":0,"46":0,"47":0,"48":0,"49":0,"50":0,"51":0,"52":0,"53":0,"54":0,"55":0,"56":0,"57":0,"58":0,"59":0,"60":0,"61":7,"62":0,"63":0,"64":0,"65":7,"66":1,"67":0,"68":0,"69":0,"70":0,"71":0,"72":0,"73":1,"74":0,"75":0,"76":0,"77":1,"78":0,"79":0,"80":0,"81":1,"82":0,"83":0,"84":1},"f":{"0":1,"1":4,"2":7,"3":0,"4":0,"5":0,"6":0,"7":0,"8":0,"9":0,"10":0,"11":0,"12":0,"13":0,"14":0},"b":{"0":[0,7],"1":[0,0],"2":[0,0],"3":[0,0],"4":[0,0]},"_coverageSchema":"1a1c01bbd47fc00a2c39e90264f33305004495a9","hash":"60b304d042fa7384282f27176e900797b6d686b8"}
,"C:\\Users\\riad\\Documents\\Programmation\\Microverse\\Module 2\\Capston-javascript\\src\\modules\\popup.js": {"path":"C:\\Users\\riad\\Documents\\Programmation\\Microverse\\Module 2\\Capston-javascript\\src\\modules\\popup.js","statementMap":{"0":{"start":{"line":1,"column":18},"end":{"line":52,"column":1}},"1":{"start":{"line":2,"column":23},"end":{"line":2,"column":55}},"2":{"start":{"line":3,"column":15},"end":{"line":3,"column":45}},"3":{"start":{"line":4,"column":2},"end":{"line":4,"column":39}},"4":{"start":{"line":5,"column":23},"end":{"line":41,"column":17}},"5":{"start":{"line":42,"column":2},"end":{"line":42,"column":32}},"6":{"start":{"line":43,"column":2},"end":{"line":43,"column":40}},"7":{"start":{"line":45,"column":21},"end":{"line":45,"column":61}},"8":{"start":{"line":46,"column":2},"end":{"line":51,"column":3}},"9":{"start":{"line":46,"column":15},"end":{"line":46,"column":16}},"10":{"start":{"line":47,"column":4},"end":{"line":50,"column":7}},"11":{"start":{"line":48,"column":6},"end":{"line":48,"column":42}},"12":{"start":{"line":49,"column":6},"end":{"line":49,"column":39}},"13":{"start":{"line":54,"column":0},"end":{"line":54,"column":27}}},"fnMap":{"0":{"name":"(anonymous_0)","decl":{"start":{"line":1,"column":18},"end":{"line":1,"column":19}},"loc":{"start":{"line":1,"column":29},"end":{"line":52,"column":1}},"line":1},"1":{"name":"(anonymous_1)","decl":{"start":{"line":47,"column":44},"end":{"line":47,"column":45}},"loc":{"start":{"line":47,"column":50},"end":{"line":50,"column":5}},"line":47}},"branchMap":{},"s":{"0":1,"1":0,"2":0,"3":0,"4":0,"5":0,"6":0,"7":0,"8":0,"9":0,"10":0,"11":0,"12":0,"13":1},"f":{"0":0,"1":0},"b":{},"_coverageSchema":"1a1c01bbd47fc00a2c39e90264f33305004495a9","hash":"6ea5664dbb52dc66bc3d68a0cf2c229639a28a4a"}
}
